<?xml version="1.0" encoding="UTF-8"?>
<!-- Generated by org.testng.reporters.JUnitReportReporter -->
<testsuite hostname="DESKTOP-KFJASB6" failures="0" tests="1" name="com.automation.runners.FirebaseRunner" time="0.103" errors="0" timestamp="2024-02-23T10:29:22 EST" skipped="0">
  <testcase classname="com.automation.runners.FirebaseRunner" name="runScenario" time="0.103"/>
  <system-out/>
</testsuite> <!-- com.automation.runners.FirebaseRunner -->
