<?xml version="1.0" encoding="UTF-8"?>
<!-- Generated by org.testng.reporters.JUnitReportReporter -->
<testsuite hostname="DESKTOP-KFJASB6" failures="0" tests="5" name="com.automation.runners.SalesforceRunner" time="0.171" errors="0" timestamp="2024-02-24T15:49:08 EST" skipped="0">
  <testcase classname="com.automation.runners.SalesforceRunner" name="runScenario" time="0.108"/>
  <system-out/>
  <testcase classname="com.automation.runners.SalesforceRunner" name="runScenario" time="0.016"/>
  <system-out/>
  <testcase classname="com.automation.runners.SalesforceRunner" name="runScenario" time="0.013"/>
  <system-out/>
  <testcase classname="com.automation.runners.SalesforceRunner" name="runScenario" time="0.021"/>
  <system-out/>
  <testcase classname="com.automation.runners.SalesforceRunner" name="runScenario" time="0.013"/>
  <system-out/>
</testsuite> <!-- com.automation.runners.SalesforceRunner -->
