<?xml version="1.0" encoding="UTF-8"?>
<!-- Generated by org.testng.reporters.JUnitReportReporter -->
<testsuite hostname="DESKTOP-KFJASB6" failures="0" tests="5" name="com.automation.runners.SalesforceRunner" time="32.073" errors="0" timestamp="2024-02-26T09:54:41 EST" skipped="0">
  <testcase classname="com.automation.runners.SalesforceRunner" name="runScenario" time="4.247"/>
  <system-out/>
  <testcase classname="com.automation.runners.SalesforceRunner" name="runScenario" time="4.587"/>
  <system-out/>
  <testcase classname="com.automation.runners.SalesforceRunner" name="runScenario" time="9.248"/>
  <system-out/>
  <testcase classname="com.automation.runners.SalesforceRunner" name="runScenario" time="3.898"/>
  <system-out/>
  <testcase classname="com.automation.runners.SalesforceRunner" name="runScenario" time="10.093"/>
  <system-out/>
</testsuite> <!-- com.automation.runners.SalesforceRunner -->
